{
  "numFailedTestSuites": 0,
  "numFailedTests": 0,
  "numPassedTestSuites": 3,
  "numPassedTests": 5,
  "numPendingTestSuites": 0,
  "numPendingTests": 0,
  "numRuntimeErrorTestSuites": 0,
  "numTodoTests": 0,
  "numTotalTestSuites": 3,
  "numTotalTests": 5,
  "openHandles": [],
  "snapshot": {
    "added": 0,
    "didUpdate": false,
    "failure": false,
    "filesAdded": 0,
    "filesRemoved": 0,
    "filesRemovedList": [],
    "filesUnmatched": 0,
    "filesUpdated": 0,
    "matched": 0,
    "total": 0,
    "unchecked": 0,
    "uncheckedKeysByFile": [],
    "unmatched": 0,
    "updated": 0
  },
  "startTime": 1629229266458,
  "success": false,
  "testResults": [
    {
      "leaks": false,
      "numFailingTests": 0,
      "numPassingTests": 1,
      "numPendingTests": 0,
      "numTodoTests": 0,
      "openHandles": [],
      "perfStats": {
        "end": 1629229269241,
        "runtime": 1383,
        "slow": false,
        "start": 1629229267858
      },
      "skipped": false,
      "snapshot": {
        "added": 0,
        "fileDeleted": false,
        "matched": 0,
        "unchecked": 0,
        "uncheckedKeys": [],
        "unmatched": 0,
        "updated": 0
      },
      "testFilePath": "/root/assessments/Hatchways_assessment/client/src/components/Students.test.js",
      "testResults": [
        {
          "ancestorTitles": [
            "Students Component"
          ],
          "duration": 120,
          "failureDetails": [],
          "failureMessages": [],
          "fullName": "Students Component renders a div by the role student-list",
          "invocations": 1,
          "location": null,
          "numPassingAsserts": 0,
          "status": "passed",
          "title": "renders a div by the role student-list"
        }
      ],
      "failureMessage": null
    },
    {
      "leaks": false,
      "numFailingTests": 0,
      "numPassingTests": 2,
      "numPendingTests": 0,
      "numTodoTests": 0,
      "openHandles": [],
      "perfStats": {
        "end": 1629229269483,
        "runtime": 1663,
        "slow": false,
        "start": 1629229267820
      },
      "skipped": false,
      "snapshot": {
        "added": 0,
        "fileDeleted": false,
        "matched": 0,
        "unchecked": 0,
        "uncheckedKeys": [],
        "unmatched": 0,
        "updated": 0
      },
      "testFilePath": "/root/assessments/Hatchways_assessment/client/src/components/App.test.js",
      "testResults": [
        {
          "ancestorTitles": [
            "App Component"
          ],
          "duration": 170,
          "failureDetails": [],
          "failureMessages": [],
          "fullName": "App Component renders a search by name input",
          "invocations": 1,
          "location": null,
          "numPassingAsserts": 0,
          "status": "passed",
          "title": "renders a search by name input"
        },
        {
          "ancestorTitles": [
            "App Component"
          ],
          "duration": 182,
          "failureDetails": [],
          "failureMessages": [],
          "fullName": "App Component renders a search by tag input",
          "invocations": 1,
          "location": null,
          "numPassingAsserts": 0,
          "status": "passed",
          "title": "renders a search by tag input"
        }
      ],
      "failureMessage": null
    },
    {
      "leaks": false,
      "numFailingTests": 0,
      "numPassingTests": 2,
      "numPendingTests": 0,
      "numTodoTests": 0,
      "openHandles": [],
      "perfStats": {
        "end": 1629229270031,
        "runtime": 2189,
        "slow": false,
        "start": 1629229267842
      },
      "skipped": false,
      "snapshot": {
        "added": 0,
        "fileDeleted": false,
        "matched": 0,
        "unchecked": 0,
        "uncheckedKeys": [],
        "unmatched": 0,
        "updated": 0
      },
      "testFilePath": "/root/assessments/Hatchways_assessment/client/src/components/Student.test.js",
      "testResults": [
        {
          "ancestorTitles": [
            "Student Component"
          ],
          "duration": 45,
          "failureDetails": [],
          "failureMessages": [],
          "fullName": "Student Component renders a div with the role student-component",
          "invocations": 1,
          "location": null,
          "numPassingAsserts": 0,
          "status": "passed",
          "title": "renders a div with the role student-component"
        },
        {
          "ancestorTitles": [
            "Student Component"
          ],
          "duration": 124,
          "failureDetails": [],
          "failureMessages": [],
          "fullName": "Student Component shows test scores on clicking plus button",
          "invocations": 1,
          "location": null,
          "numPassingAsserts": 0,
          "status": "passed",
          "title": "shows test scores on clicking plus button"
        }
      ],
      "failureMessage": null
    }
  ],
  "wasInterrupted": false
}